# JRE version: OpenJDK Runtime Environment (8.0_242-b01) (build 1.8.0_242-release-1644-b01)
# Java VM: OpenJDK 64-Bit Server VM (25.242-b01 mixed mode windows-amd64 compressed oops)
Heap:
 PSYoungGen      total 458752K, used 294585K [0x00000000e0000000, 0x0000000100000000, 0x0000000100000000)
  eden space 398336K, 63% used [0x00000000e0000000,0x00000000ef85c208,0x00000000f8500000)
  from space 60416K, 66% used [0x00000000f8500000,0x00000000fac523b0,0x00000000fc000000)
  to   space 61952K, 0% used [0x00000000fc380000,0x00000000fc380000,0x0000000100000000)
 ParOldGen       total 183808K, used 116157K [0x00000000a0000000, 0x00000000ab380000, 0x00000000e0000000)
  object space 183808K, 63% used [0x00000000a0000000,0x00000000a716f7f0,0x00000000ab380000)
 Metaspace       used 115814K, capacity 120736K, committed 120960K, reserved 1155072K
  class space    used 14591K, capacity 15602K, committed 15744K, reserved 1048576K
GC Heap History (10 events):
Event: 10291.032 GC heap before
{Heap before GC invocations=27 (full 4):
 PSYoungGen      total 369664K, used 356396K [0x00000000e0000000, 0x00000000f9600000, 0x0000000100000000)
  eden space 342016K, 100% used [0x00000000e0000000,0x00000000f4e00000,0x00000000f4e00000)
  from space 27648K, 52% used [0x00000000f7b00000,0x00000000f890b130,0x00000000f9600000)
  to   space 36864K, 0% used [0x00000000f4e00000,0x00000000f4e00000,0x00000000f7200000)
 ParOldGen       total 183808K, used 59812K [0x00000000a0000000, 0x00000000ab380000, 0x00000000e0000000)
  object space 183808K, 32% used [0x00000000a0000000,0x00000000a3a69268,0x00000000ab380000)
 Metaspace       used 112048K, capacity 116208K, committed 116480K, reserved 1150976K
  class space    used 14097K, capacity 14954K, committed 15104K, reserved 1048576K
Event: 10291.088 GC heap after
Heap after GC invocations=27 (full 4):
 PSYoungGen      total 378880K, used 36848K [0x00000000e0000000, 0x00000000fe500000, 0x0000000100000000)
  eden space 342016K, 0% used [0x00000000e0000000,0x00000000e0000000,0x00000000f4e00000)
  from space 36864K, 99% used [0x00000000f4e00000,0x00000000f71fc330,0x00000000f7200000)
  to   space 44544K, 0% used [0x00000000fb980000,0x00000000fb980000,0x00000000fe500000)
 ParOldGen       total 183808K, used 65687K [0x00000000a0000000, 0x00000000ab380000, 0x00000000e0000000)
  object space 183808K, 35% used [0x00000000a0000000,0x00000000a4025e40,0x00000000ab380000)
 Metaspace       used 112048K, capacity 116208K, committed 116480K, reserved 1150976K
  class space    used 14097K, capacity 14954K, committed 15104K, reserved 1048576K
}
Event: 10292.248 GC heap before
{Heap before GC invocations=28 (full 4):
 PSYoungGen      total 378880K, used 378864K [0x00000000e0000000, 0x00000000fe500000, 0x0000000100000000)
  eden space 342016K, 100% used [0x00000000e0000000,0x00000000f4e00000,0x00000000f4e00000)
  from space 36864K, 99% used [0x00000000f4e00000,0x00000000f71fc330,0x00000000f7200000)
  to   space 44544K, 0% used [0x00000000fb980000,0x00000000fb980000,0x00000000fe500000)
 ParOldGen       total 183808K, used 65687K [0x00000000a0000000, 0x00000000ab380000, 0x00000000e0000000)
  object space 183808K, 35% used [0x00000000a0000000,0x00000000a4025e40,0x00000000ab380000)
 Metaspace       used 112770K, capacity 117126K, committed 117376K, reserved 1150976K
  class space    used 14179K, capacity 15103K, committed 15232K, reserved 1048576K
Event: 10292.343 GC heap after
Heap after GC invocations=28 (full 4):
 PSYoungGen      total 432128K, used 44532K [0x00000000e0000000, 0x0000000100000000, 0x0000000100000000)
  eden space 387584K, 0% used [0x00000000e0000000,0x00000000e0000000,0x00000000f7a80000)
  from space 44544K, 99% used [0x00000000fb980000,0x00000000fe4fd2b0,0x00000000fe500000)
  to   space 64512K, 0% used [0x00000000f7a80000,0x00000000f7a80000,0x00000000fb980000)
 ParOldGen       total 183808K, used 102323K [0x00000000a0000000, 0x00000000ab380000, 0x00000000e0000000)
  object space 183808K, 55% used [0x00000000a0000000,0x00000000a63ecd38,0x00000000ab380000)
 Metaspace       used 112770K, capacity 117126K, committed 117376K, reserved 1150976K
  class space    used 14179K, capacity 15103K, committed 15232K, reserved 1048576K
}
Event: 10294.791 GC heap before
{Heap before GC invocations=29 (full 4):
 PSYoungGen      total 432128K, used 432116K [0x00000000e0000000, 0x0000000100000000, 0x0000000100000000)
  eden space 387584K, 100% used [0x00000000e0000000,0x00000000f7a80000,0x00000000f7a80000)
  from space 44544K, 99% used [0x00000000fb980000,0x00000000fe4fd2b0,0x00000000fe500000)
  to   space 64512K, 0% used [0x00000000f7a80000,0x00000000f7a80000,0x00000000fb980000)
 ParOldGen       total 183808K, used 102323K [0x00000000a0000000, 0x00000000ab380000, 0x00000000e0000000)
  object space 183808K, 55% used [0x00000000a0000000,0x00000000a63ecd38,0x00000000ab380000)
 Metaspace       used 112963K, capacity 117336K, committed 117632K, reserved 1150976K
  class space    used 14206K, capacity 15122K, committed 15232K, reserved 1048576K
Event: 10294.845 GC heap after
Heap after GC invocations=29 (full 4):
 PSYoungGen      total 452096K, used 23236K [0x00000000e0000000, 0x0000000100000000, 0x0000000100000000)
  eden space 387584K, 0% used [0x00000000e0000000,0x00000000e0000000,0x00000000f7a80000)
  from space 64512K, 36% used [0x00000000f7a80000,0x00000000f91311d0,0x00000000fb980000)
  to   space 61440K, 0% used [0x00000000fc400000,0x00000000fc400000,0x0000000100000000)
 ParOldGen       total 183808K, used 106715K [0x00000000a0000000, 0x00000000ab380000, 0x00000000e0000000)
  object space 183808K, 58% used [0x00000000a0000000,0x00000000a6836de0,0x00000000ab380000)
 Metaspace       used 112963K, capacity 117336K, committed 117632K, reserved 1150976K
  class space    used 14206K, capacity 15122K, committed 15232K, reserved 1048576K
}
Event: 10504.579 GC heap before
{Heap before GC invocations=30 (full 4):
 PSYoungGen      total 452096K, used 410820K [0x00000000e0000000, 0x0000000100000000, 0x0000000100000000)
  eden space 387584K, 100% used [0x00000000e0000000,0x00000000f7a80000,0x00000000f7a80000)
  from space 64512K, 36% used [0x00000000f7a80000,0x00000000f91311d0,0x00000000fb980000)
  to   space 61440K, 0% used [0x00000000fc400000,0x00000000fc400000,0x0000000100000000)
 ParOldGen       total 183808K, used 106715K [0x00000000a0000000, 0x00000000ab380000, 0x00000000e0000000)
  object space 183808K, 58% used [0x00000000a0000000,0x00000000a6836de0,0x00000000ab380000)
 Metaspace       used 115480K, capacity 120300K, committed 120704K, reserved 1155072K
  class space    used 14578K, capacity 15588K, committed 15744K, reserved 1048576K
Event: 10504.616 GC heap after
Heap after GC invocations=30 (full 4):
 PSYoungGen      total 454656K, used 32839K [0x00000000e0000000, 0x00000000ffb00000, 0x0000000100000000)
  eden space 398336K, 0% used [0x00000000e0000000,0x00000000e0000000,0x00000000f8500000)
  from space 56320K, 58% used [0x00000000fc400000,0x00000000fe411e40,0x00000000ffb00000)
  to   space 60416K, 0% used [0x00000000f8500000,0x00000000f8500000,0x00000000fc000000)
 ParOldGen       total 183808K, used 109963K [0x00000000a0000000, 0x00000000ab380000, 0x00000000e0000000)
  object space 183808K, 59% used [0x00000000a0000000,0x00000000a6b62e50,0x00000000ab380000)
 Metaspace       used 115480K, capacity 120300K, committed 120704K, reserved 1155072K
  class space    used 14578K, capacity 15588K, committed 15744K, reserved 1048576K
}
Event: 10510.953 GC heap before
{Heap before GC invocations=31 (full 4):
 PSYoungGen      total 454656K, used 431175K [0x00000000e0000000, 0x00000000ffb00000, 0x0000000100000000)
  eden space 398336K, 100% used [0x00000000e0000000,0x00000000f8500000,0x00000000f8500000)
  from space 56320K, 58% used [0x00000000fc400000,0x00000000fe411e40,0x00000000ffb00000)
  to   space 60416K, 0% used [0x00000000f8500000,0x00000000f8500000,0x00000000fc000000)
 ParOldGen       total 183808K, used 109963K [0x00000000a0000000, 0x00000000ab380000, 0x00000000e0000000)
  object space 183808K, 59% used [0x00000000a0000000,0x00000000a6b62e50,0x00000000ab380000)
 Metaspace       used 115776K, capacity 120720K, committed 120960K, reserved 1155072K
  class space    used 14588K, capacity 15600K, committed 15744K, reserved 1048576K
Event: 10511.009 GC heap after
Heap after GC invocations=31 (full 4):
 PSYoungGen      total 458752K, used 40264K [0x00000000e0000000, 0x0000000100000000, 0x0000000100000000)
  eden space 398336K, 0% used [0x00000000e0000000,0x00000000e0000000,0x00000000f8500000)
  from space 60416K, 66% used [0x00000000f8500000,0x00000000fac523b0,0x00000000fc000000)
  to   space 61952K, 0% used [0x00000000fc380000,0x00000000fc380000,0x0000000100000000)
 ParOldGen       total 183808K, used 116157K [0x00000000a0000000, 0x00000000ab380000, 0x00000000e0000000)
  object space 183808K, 63% used [0x00000000a0000000,0x00000000a716f7f0,0x00000000ab380000)
 Metaspace       used 115776K, capacity 120720K, committed 120960K, reserved 1155072K
  class space    used 14588K, capacity 15600K, committed 15744K, reserved 1048576K
}

