# JRE version: OpenJDK Runtime Environment (8.0_242-b01) (build 1.8.0_242-release-1644-b01)
# Java VM: OpenJDK 64-Bit Server VM (25.242-b01 mixed mode windows-amd64 compressed oops)
Heap:
 PSYoungGen      total 231424K, used 207518K [0x00000000e0000000, 0x00000000f1d80000, 0x0000000100000000)
  eden space 210432K, 88% used [0x00000000e0000000,0x00000000eb62c118,0x00000000ecd80000)
  from space 20992K, 99% used [0x00000000eee00000,0x00000000f027b7e0,0x00000000f0280000)
  to   space 33280K, 0% used [0x00000000ecd80000,0x00000000ecd80000,0x00000000eee00000)
 ParOldGen       total 129024K, used 59114K [0x00000000a0000000, 0x00000000a7e00000, 0x00000000e0000000)
  object space 129024K, 45% used [0x00000000a0000000,0x00000000a39ba900,0x00000000a7e00000)
 Metaspace       used 72488K, capacity 75398K, committed 75480K, reserved 1114112K
  class space    used 9832K, capacity 10490K, committed 10496K, reserved 1048576K
GC Heap History (10 events):
Event: 11.332 GC heap before
{Heap before GC invocations=13 (full 2):
 PSYoungGen      total 154624K, used 154609K [0x00000000e0000000, 0x00000000eae00000, 0x0000000100000000)
  eden space 142336K, 100% used [0x00000000e0000000,0x00000000e8b00000,0x00000000e8b00000)
  from space 12288K, 99% used [0x00000000ea200000,0x00000000eadfc688,0x00000000eae00000)
  to   space 14336K, 0% used [0x00000000e9200000,0x00000000e9200000,0x00000000ea000000)
 ParOldGen       total 85504K, used 19440K [0x00000000a0000000, 0x00000000a5380000, 0x00000000e0000000)
  object space 85504K, 22% used [0x00000000a0000000,0x00000000a12fc1f8,0x00000000a5380000)
 Metaspace       used 55597K, capacity 57216K, committed 57344K, reserved 1099776K
  class space    used 7467K, capacity 7887K, committed 7936K, reserved 1048576K
Event: 11.351 GC heap after
Heap after GC invocations=13 (full 2):
 PSYoungGen      total 163840K, used 14312K [0x00000000e0000000, 0x00000000ed700000, 0x0000000100000000)
  eden space 149504K, 0% used [0x00000000e0000000,0x00000000e0000000,0x00000000e9200000)
  from space 14336K, 99% used [0x00000000e9200000,0x00000000e9ffa3b8,0x00000000ea000000)
  to   space 18944K, 0% used [0x00000000ec480000,0x00000000ec480000,0x00000000ed700000)
 ParOldGen       total 85504K, used 28210K [0x00000000a0000000, 0x00000000a5380000, 0x00000000e0000000)
  object space 85504K, 32% used [0x00000000a0000000,0x00000000a1b8cbf8,0x00000000a5380000)
 Metaspace       used 55597K, capacity 57216K, committed 57344K, reserved 1099776K
  class space    used 7467K, capacity 7887K, committed 7936K, reserved 1048576K
}
Event: 12.064 GC heap before
{Heap before GC invocations=14 (full 2):
 PSYoungGen      total 163840K, used 49043K [0x00000000e0000000, 0x00000000ed700000, 0x0000000100000000)
  eden space 149504K, 23% used [0x00000000e0000000,0x00000000e21eab38,0x00000000e9200000)
  from space 14336K, 99% used [0x00000000e9200000,0x00000000e9ffa3b8,0x00000000ea000000)
  to   space 18944K, 0% used [0x00000000ec480000,0x00000000ec480000,0x00000000ed700000)
 ParOldGen       total 85504K, used 28210K [0x00000000a0000000, 0x00000000a5380000, 0x00000000e0000000)
  object space 85504K, 32% used [0x00000000a0000000,0x00000000a1b8cbf8,0x00000000a5380000)
 Metaspace       used 57362K, capacity 59062K, committed 59096K, reserved 1099776K
  class space    used 7719K, capacity 8186K, committed 8192K, reserved 1048576K
Event: 12.076 GC heap after
Heap after GC invocations=14 (full 2):
 PSYoungGen      total 201216K, used 4107K [0x00000000e0000000, 0x00000000ee100000, 0x0000000100000000)
  eden space 182272K, 0% used [0x00000000e0000000,0x00000000e0000000,0x00000000eb200000)
  from space 18944K, 21% used [0x00000000ec480000,0x00000000ec882fc8,0x00000000ed700000)
  to   space 18944K, 0% used [0x00000000eb200000,0x00000000eb200000,0x00000000ec480000)
 ParOldGen       total 85504K, used 36228K [0x00000000a0000000, 0x00000000a5380000, 0x00000000e0000000)
  object space 85504K, 42% used [0x00000000a0000000,0x00000000a23610e0,0x00000000a5380000)
 Metaspace       used 57362K, capacity 59062K, committed 59096K, reserved 1099776K
  class space    used 7719K, capacity 8186K, committed 8192K, reserved 1048576K
}
Event: 12.076 GC heap before
{Heap before GC invocations=15 (full 3):
 PSYoungGen      total 201216K, used 4107K [0x00000000e0000000, 0x00000000ee100000, 0x0000000100000000)
  eden space 182272K, 0% used [0x00000000e0000000,0x00000000e0000000,0x00000000eb200000)
  from space 18944K, 21% used [0x00000000ec480000,0x00000000ec882fc8,0x00000000ed700000)
  to   space 18944K, 0% used [0x00000000eb200000,0x00000000eb200000,0x00000000ec480000)
 ParOldGen       total 85504K, used 36228K [0x00000000a0000000, 0x00000000a5380000, 0x00000000e0000000)
  object space 85504K, 42% used [0x00000000a0000000,0x00000000a23610e0,0x00000000a5380000)
 Metaspace       used 57362K, capacity 59062K, committed 59096K, reserved 1099776K
  class space    used 7719K, capacity 8186K, committed 8192K, reserved 1048576K
Event: 12.280 GC heap after
Heap after GC invocations=15 (full 3):
 PSYoungGen      total 201216K, used 0K [0x00000000e0000000, 0x00000000ee100000, 0x0000000100000000)
  eden space 182272K, 0% used [0x00000000e0000000,0x00000000e0000000,0x00000000eb200000)
  from space 18944K, 0% used [0x00000000ec480000,0x00000000ec480000,0x00000000ed700000)
  to   space 18944K, 0% used [0x00000000eb200000,0x00000000eb200000,0x00000000ec480000)
 ParOldGen       total 129024K, used 33536K [0x00000000a0000000, 0x00000000a7e00000, 0x00000000e0000000)
  object space 129024K, 25% used [0x00000000a0000000,0x00000000a20c01a8,0x00000000a7e00000)
 Metaspace       used 57362K, capacity 59062K, committed 59096K, reserved 1099776K
  class space    used 7719K, capacity 8186K, committed 8192K, reserved 1048576K
}
Event: 15.241 GC heap before
{Heap before GC invocations=16 (full 3):
 PSYoungGen      total 201216K, used 182272K [0x00000000e0000000, 0x00000000ee100000, 0x0000000100000000)
  eden space 182272K, 100% used [0x00000000e0000000,0x00000000eb200000,0x00000000eb200000)
  from space 18944K, 0% used [0x00000000ec480000,0x00000000ec480000,0x00000000ed700000)
  to   space 18944K, 0% used [0x00000000eb200000,0x00000000eb200000,0x00000000ec480000)
 ParOldGen       total 129024K, used 33536K [0x00000000a0000000, 0x00000000a7e00000, 0x00000000e0000000)
  object space 129024K, 25% used [0x00000000a0000000,0x00000000a20c01a8,0x00000000a7e00000)
 Metaspace       used 62994K, capacity 65196K, committed 65368K, reserved 1105920K
  class space    used 8515K, capacity 9041K, committed 9088K, reserved 1048576K
Event: 15.257 GC heap after
Heap after GC invocations=16 (full 3):
 PSYoungGen      total 201216K, used 16467K [0x00000000e0000000, 0x00000000f0280000, 0x0000000100000000)
  eden space 182272K, 0% used [0x00000000e0000000,0x00000000e0000000,0x00000000eb200000)
  from space 18944K, 86% used [0x00000000eb200000,0x00000000ec214c50,0x00000000ec480000)
  to   space 20992K, 0% used [0x00000000eee00000,0x00000000eee00000,0x00000000f0280000)
 ParOldGen       total 129024K, used 33544K [0x00000000a0000000, 0x00000000a7e00000, 0x00000000e0000000)
  object space 129024K, 25% used [0x00000000a0000000,0x00000000a20c21a8,0x00000000a7e00000)
 Metaspace       used 62994K, capacity 65196K, committed 65368K, reserved 1105920K
  class space    used 8515K, capacity 9041K, committed 9088K, reserved 1048576K
}
Event: 17.130 GC heap before
{Heap before GC invocations=17 (full 3):
 PSYoungGen      total 201216K, used 198739K [0x00000000e0000000, 0x00000000f0280000, 0x0000000100000000)
  eden space 182272K, 100% used [0x00000000e0000000,0x00000000eb200000,0x00000000eb200000)
  from space 18944K, 86% used [0x00000000eb200000,0x00000000ec214c50,0x00000000ec480000)
  to   space 20992K, 0% used [0x00000000eee00000,0x00000000eee00000,0x00000000f0280000)
 ParOldGen       total 129024K, used 33544K [0x00000000a0000000, 0x00000000a7e00000, 0x00000000e0000000)
  object space 129024K, 25% used [0x00000000a0000000,0x00000000a20c21a8,0x00000000a7e00000)
 Metaspace       used 68221K, capacity 70822K, committed 71128K, reserved 1110016K
  class space    used 9231K, capacity 9872K, committed 9984K, reserved 1048576K
Event: 17.166 GC heap after
Heap after GC invocations=17 (full 3):
 PSYoungGen      total 231424K, used 20973K [0x00000000e0000000, 0x00000000f1d80000, 0x0000000100000000)
  eden space 210432K, 0% used [0x00000000e0000000,0x00000000e0000000,0x00000000ecd80000)
  from space 20992K, 99% used [0x00000000eee00000,0x00000000f027b7e0,0x00000000f0280000)
  to   space 33280K, 0% used [0x00000000ecd80000,0x00000000ecd80000,0x00000000eee00000)
 ParOldGen       total 129024K, used 59114K [0x00000000a0000000, 0x00000000a7e00000, 0x00000000e0000000)
  object space 129024K, 45% used [0x00000000a0000000,0x00000000a39ba900,0x00000000a7e00000)
 Metaspace       used 68221K, capacity 70822K, committed 71128K, reserved 1110016K
  class space    used 9231K, capacity 9872K, committed 9984K, reserved 1048576K
}

